<?xml version="1.0" encoding="UTF-8"?>
<testng-results ignored="0" total="1" passed="1" failed="0" skipped="0">
  <reporter-output>
  </reporter-output>
  <suite started-at="2024-08-12T15:20:55 BDT" name="Appium Test Suite" finished-at="2024-08-12T15:21:15 BDT" duration-ms="19308">
    <groups>
    </groups>
    <test started-at="2024-08-12T15:20:55 BDT" name="Appium Test" finished-at="2024-08-12T15:21:15 BDT" duration-ms="19308">
      <class name="com.calculatorTest.AdditionTest">
        <test-method is-config="true" signature="setUp()[pri:0, instance:com.calculatorTest.AdditionTest@59662a0b]" started-at="2024-08-12T15:20:55 BDT" name="setUp" finished-at="2024-08-12T15:21:11 BDT" duration-ms="15776" status="PASS">
          <reporter-output>
          </reporter-output>
        </test-method> <!-- setUp -->
        <test-method signature="addTwoNumbers()[pri:0, instance:com.calculatorTest.AdditionTest@59662a0b]" started-at="2024-08-12T15:21:11 BDT" name="addTwoNumbers" finished-at="2024-08-12T15:21:14 BDT" duration-ms="2598" status="PASS">
          <reporter-output>
          </reporter-output>
        </test-method> <!-- addTwoNumbers -->
        <test-method is-config="true" signature="tearDown()[pri:0, instance:com.calculatorTest.AdditionTest@59662a0b]" started-at="2024-08-12T15:21:14 BDT" name="tearDown" finished-at="2024-08-12T15:21:15 BDT" duration-ms="828" status="PASS">
          <reporter-output>
          </reporter-output>
        </test-method> <!-- tearDown -->
      </class> <!-- com.calculatorTest.AdditionTest -->
    </test> <!-- Appium Test -->
  </suite> <!-- Appium Test Suite -->
</testng-results>
